<?xml version="1.0" encoding="UTF-8"?>
<robot generator="Robot 3.1.1 (Python 3.7.1 on win32)" generated="20190304 04:42:48.333" rpa="false">
<suite id="s1" name="Front office" source="C:\development\robot-scripts\tutorial3\Tests\Front_office.robot">
<test id="s1-t1" name="Should be able to access &quot;Team&quot; page">
<kw name="Begin Web Test" library="CommonWeb" type="setup">
<kw name="Open Browser" library="Selenium2Library">
<doc>Opens a new browser instance to the given ``url``.</doc>
<arguments>
<arg>about:black</arg>
<arg>${BROWSER}</arg>
</arguments>
<msg timestamp="20190304 04:42:48.495" level="INFO">Opening browser 'chrome' to base url 'about:black'.</msg>
<status status="PASS" starttime="20190304 04:42:48.494" endtime="20190304 04:42:52.238"></status>
</kw>
<status status="PASS" starttime="20190304 04:42:48.494" endtime="20190304 04:42:52.239"></status>
</kw>
<kw name="Go to Landing Page" library="FrontOfficeApp">
<kw name="Navigate To" library="Landing">
<kw name="Go To" library="Selenium2Library">
<doc>Navigates the active browser instance to the provided ``url``.</doc>
<arguments>
<arg>${URL}</arg>
</arguments>
<msg timestamp="20190304 04:42:52.240" level="INFO">Opening url 'http://www.robotframeworktutorial.com/front-office'</msg>
<status status="PASS" starttime="20190304 04:42:52.240" endtime="20190304 04:42:55.886"></status>
</kw>
<status status="PASS" starttime="20190304 04:42:52.239" endtime="20190304 04:42:55.886"></status>
</kw>
<kw name="Verify Page Loaded" library="Landing">
<kw name="Wait Until Page Contains Element" library="Selenium2Library">
<doc>Waits until element ``locator`` appears on current page.</doc>
<arguments>
<arg>${LANDING_NAVIGATION_ELEMENT}</arg>
</arguments>
<status status="PASS" starttime="20190304 04:42:55.887" endtime="20190304 04:42:55.899"></status>
</kw>
<status status="PASS" starttime="20190304 04:42:55.886" endtime="20190304 04:42:55.899"></status>
</kw>
<status status="PASS" starttime="20190304 04:42:52.239" endtime="20190304 04:42:55.899"></status>
</kw>
<kw name="Go to &quot;Team&quot; Page" library="FrontOfficeApp">
<kw name="Select &quot;Team&quot; Page" library="TopNav">
<kw name="Click Element" library="Selenium2Library">
<doc>Click element identified by ``locator``.</doc>
<arguments>
<arg>${TOP_NAV_TEAM_LINK}</arg>
</arguments>
<msg timestamp="20190304 04:42:55.900" level="INFO">Clicking element 'css=#bs-example-navbar-collapse-1 &gt; ul &gt; li:nth-child(5) &gt; a'.</msg>
<status status="PASS" starttime="20190304 04:42:55.900" endtime="20190304 04:42:55.945"></status>
</kw>
<kw name="Sleep" library="BuiltIn">
<doc>Pauses the test executed for the given time.</doc>
<arguments>
<arg>3s</arg>
</arguments>
<msg timestamp="20190304 04:42:58.946" level="INFO">Slept 3 seconds</msg>
<status status="PASS" starttime="20190304 04:42:55.945" endtime="20190304 04:42:58.946"></status>
</kw>
<status status="PASS" starttime="20190304 04:42:55.899" endtime="20190304 04:42:58.946"></status>
</kw>
<kw name="Verify Page Loaded" library="Landing">
<kw name="Wait Until Page Contains Element" library="Selenium2Library">
<doc>Waits until element ``locator`` appears on current page.</doc>
<arguments>
<arg>${LANDING_NAVIGATION_ELEMENT}</arg>
</arguments>
<status status="PASS" starttime="20190304 04:42:58.946" endtime="20190304 04:42:58.952"></status>
</kw>
<status status="PASS" starttime="20190304 04:42:58.946" endtime="20190304 04:42:58.952"></status>
</kw>
<status status="PASS" starttime="20190304 04:42:55.899" endtime="20190304 04:42:58.952"></status>
</kw>
<kw name="End Web Test" library="CommonWeb" type="teardown">
<kw name="Close All Browsers" library="Selenium2Library">
<doc>Closes all open browsers and resets the browser cache.</doc>
<status status="PASS" starttime="20190304 04:42:58.953" endtime="20190304 04:43:01.170"></status>
</kw>
<status status="PASS" starttime="20190304 04:42:58.952" endtime="20190304 04:43:01.170"></status>
</kw>
<doc>This is test 1</doc>
<tags>
<tag>test1</tag>
</tags>
<status status="PASS" starttime="20190304 04:42:48.493" endtime="20190304 04:43:01.170" critical="yes"></status>
</test>
<test id="s1-t2" name="&quot;Team&quot; page Should match requirements">
<kw name="Begin Web Test" library="CommonWeb" type="setup">
<kw name="Open Browser" library="Selenium2Library">
<doc>Opens a new browser instance to the given ``url``.</doc>
<arguments>
<arg>about:black</arg>
<arg>${BROWSER}</arg>
</arguments>
<msg timestamp="20190304 04:43:01.172" level="INFO">Opening browser 'chrome' to base url 'about:black'.</msg>
<status status="PASS" starttime="20190304 04:43:01.172" endtime="20190304 04:43:04.885"></status>
</kw>
<status status="PASS" starttime="20190304 04:43:01.172" endtime="20190304 04:43:04.885"></status>
</kw>
<kw name="Go to Landing Page" library="FrontOfficeApp">
<kw name="Navigate To" library="Landing">
<kw name="Go To" library="Selenium2Library">
<doc>Navigates the active browser instance to the provided ``url``.</doc>
<arguments>
<arg>${URL}</arg>
</arguments>
<msg timestamp="20190304 04:43:04.887" level="INFO">Opening url 'http://www.robotframeworktutorial.com/front-office'</msg>
<status status="PASS" starttime="20190304 04:43:04.886" endtime="20190304 04:43:07.925"></status>
</kw>
<status status="PASS" starttime="20190304 04:43:04.886" endtime="20190304 04:43:07.925"></status>
</kw>
<kw name="Verify Page Loaded" library="Landing">
<kw name="Wait Until Page Contains Element" library="Selenium2Library">
<doc>Waits until element ``locator`` appears on current page.</doc>
<arguments>
<arg>${LANDING_NAVIGATION_ELEMENT}</arg>
</arguments>
<status status="PASS" starttime="20190304 04:43:07.926" endtime="20190304 04:43:07.938"></status>
</kw>
<status status="PASS" starttime="20190304 04:43:07.925" endtime="20190304 04:43:07.938"></status>
</kw>
<status status="PASS" starttime="20190304 04:43:04.886" endtime="20190304 04:43:07.939"></status>
</kw>
<kw name="Go to &quot;Team&quot; Page" library="FrontOfficeApp">
<kw name="Select &quot;Team&quot; Page" library="TopNav">
<kw name="Click Element" library="Selenium2Library">
<doc>Click element identified by ``locator``.</doc>
<arguments>
<arg>${TOP_NAV_TEAM_LINK}</arg>
</arguments>
<msg timestamp="20190304 04:43:07.940" level="INFO">Clicking element 'css=#bs-example-navbar-collapse-1 &gt; ul &gt; li:nth-child(5) &gt; a'.</msg>
<status status="PASS" starttime="20190304 04:43:07.939" endtime="20190304 04:43:07.983"></status>
</kw>
<kw name="Sleep" library="BuiltIn">
<doc>Pauses the test executed for the given time.</doc>
<arguments>
<arg>3s</arg>
</arguments>
<msg timestamp="20190304 04:43:10.984" level="INFO">Slept 3 seconds</msg>
<status status="PASS" starttime="20190304 04:43:07.983" endtime="20190304 04:43:10.984"></status>
</kw>
<status status="PASS" starttime="20190304 04:43:07.939" endtime="20190304 04:43:10.984"></status>
</kw>
<kw name="Verify Page Loaded" library="Landing">
<kw name="Wait Until Page Contains Element" library="Selenium2Library">
<doc>Waits until element ``locator`` appears on current page.</doc>
<arguments>
<arg>${LANDING_NAVIGATION_ELEMENT}</arg>
</arguments>
<status status="PASS" starttime="20190304 04:43:10.984" endtime="20190304 04:43:10.991"></status>
</kw>
<status status="PASS" starttime="20190304 04:43:10.984" endtime="20190304 04:43:10.992"></status>
</kw>
<status status="PASS" starttime="20190304 04:43:07.939" endtime="20190304 04:43:10.992"></status>
</kw>
<kw name="Validate &quot;Team&quot; Page" library="FrontOfficeApp">
<kw name="Validate Page Contents" library="Team">
<kw name="Get Text" library="Selenium2Library">
<doc>Returns the text value of element identified by ``locator``.</doc>
<arguments>
<arg>${TEAM_HEADER_LABEL}</arg>
</arguments>
<assign>
<var>${ElementText}</var>
</assign>
<msg timestamp="20190304 04:43:11.017" level="INFO">${ElementText} = OUR AMAZING TEAM</msg>
<status status="PASS" starttime="20190304 04:43:10.993" endtime="20190304 04:43:11.017"></status>
</kw>
<kw name="Should Be Equal As Strings" library="BuiltIn">
<doc>Fails if objects are unequal after converting them to strings.</doc>
<arguments>
<arg>${ElementText}</arg>
<arg>Our Amazing Team</arg>
<arg>ignore_case=true</arg>
</arguments>
<status status="PASS" starttime="20190304 04:43:11.018" endtime="20190304 04:43:11.018"></status>
</kw>
<status status="PASS" starttime="20190304 04:43:10.992" endtime="20190304 04:43:11.018"></status>
</kw>
<status status="PASS" starttime="20190304 04:43:10.992" endtime="20190304 04:43:11.018"></status>
</kw>
<kw name="End Web Test" library="CommonWeb" type="teardown">
<kw name="Close All Browsers" library="Selenium2Library">
<doc>Closes all open browsers and resets the browser cache.</doc>
<status status="PASS" starttime="20190304 04:43:11.019" endtime="20190304 04:43:13.242"></status>
</kw>
<status status="PASS" starttime="20190304 04:43:11.019" endtime="20190304 04:43:13.242"></status>
</kw>
<doc>This is test 2</doc>
<tags>
<tag>test2</tag>
</tags>
<status status="PASS" starttime="20190304 04:43:01.171" endtime="20190304 04:43:13.242" critical="yes"></status>
</test>
<doc>Fuctional Testing on RobotFramework</doc>
<status status="PASS" starttime="20190304 04:42:48.334" endtime="20190304 04:43:13.243"></status>
</suite>
<statistics>
<total>
<stat pass="2" fail="0">Critical Tests</stat>
<stat pass="2" fail="0">All Tests</stat>
</total>
<tag>
<stat pass="1" fail="0">test1</stat>
<stat pass="1" fail="0">test2</stat>
</tag>
<suite>
<stat pass="2" fail="0" id="s1" name="Front office">Front office</stat>
</suite>
</statistics>
<errors>
</errors>
</robot>
